#
# A fatal error has been detected by the Java Runtime Environment:
#
#  EXCEPTION_ACCESS_VIOLATION (0xc0000005) at pc=0x0000000053e49e51, pid=10028, tid=6644
#
# JRE version: Java(TM) SE Runtime Environment (8.0_65-b17) (build 1.8.0_65-b17)
# Java VM: Java HotSpot(TM) 64-Bit Server VM (25.65-b01 mixed mode windows-amd64 compressed oops)
# Problematic frame:
# V  [jvm.dll+0x239e51]
#
# Failed to write core dump. Minidumps are not enabled by default on client versions of Windows
#
# If you would like to submit a bug report, please visit:
#   http://bugreport.java.com/bugreport/crash.jsp
#

---------------  T H R E A D  ---------------

Current thread (0x0000000002f8e000):  JavaThread "main" [_thread_in_vm, id=6644, stack(0x0000000003070000,0x0000000003170000)]

siginfo: ExceptionCode=0xc0000005, reading address 0x000000000096eb98

Registers:
RAX=0x000000000096eb98, RBX=0x000000000096eb98, RCX=0x0000000000000000, RDX=0x000000076c028548
RSP=0x000000000316d670, RBP=0x0000000002f8e000, RSI=0x000000076c028548, RDI=0x000000000326a258
R8 =0x000000000096eb98, R9 =0x0000000002f87dd0, R10=0x00000000033ab9bb, R11=0x00000000033ab998
R12=0x0000000000000000, R13=0x0000007fffffff00, R14=0x0000000000000000, R15=0x0000000002f8e000
RIP=0x0000000053e49e51, EFLAGS=0x0000000000010202

Top of Stack: (sp=0x000000000316d670)
0x000000000316d670:   000000001be20640 0000000002f8e000
0x000000000316d680:   0000000300000001 0000000000000000
0x000000000316d690:   0000000000000000 0000000053ccb4ab
0x000000000316d6a0:   0000000002f8e000 0000000000000000
0x000000000316d6b0:   0000007fffffff00 0000000000000000
0x000000000316d6c0:   000000076c028548 0000000053e4ae76
0x000000000316d6d0:   000000000096eb98 000000000316d7a0
0x000000000316d6e0:   0000000002f8e000 000000001be20840
0x000000000316d6f0:   000000000316d7b8 000000000316d760
0x000000000316d700:   0000000000000000 0000000053d8b36e
0x000000000316d710:   000000000316d7a0 0000000000000000
0x000000000316d720:   0000000002f8e000 000000001be20840
0x000000000316d730:   0000000000000002 00000000033aba31
0x000000000316d740:   000000001be20640 000000000316d7a0
0x000000000316d750:   0000000000000001 000000001be20827
0x000000000316d760:   000000076c028548 0000000000000002 

Instructions: (pc=0x0000000053e49e51)
0x0000000053e49e31:   05 1e cf 56 00 33 c9 89 47 68 ff 15 2f 2c 58 00
0x0000000053e49e41:   48 3b c3 0f 85 37 01 00 00 48 8b c3 48 83 e0 fd
0x0000000053e49e51:   48 8b 00 48 89 07 48 89 5f 18 4c 89 67 28 48 89
0x0000000053e49e61:   77 08 48 8b 06 48 85 c0 74 24 4c 8d 0d ae 69 3c 


Register to memory mapping:

RAX=0x000000000096eb98 is an unknown value
RBX=0x000000000096eb98 is an unknown value
RCX=0x0000000000000000 is an unknown value
RDX=0x000000076c028548 is an oop
[B 
 - klass: {type array byte}
 - length: 19
RSP=0x000000000316d670 is pointing into the stack for thread: 0x0000000002f8e000
RBP=0x0000000002f8e000 is a thread
RSI=0x000000076c028548 is an oop
[B 
 - klass: {type array byte}
 - length: 19
RDI=0x000000000326a258 is an unknown value
R8 =0x000000000096eb98 is an unknown value
R9 =0x0000000002f87dd0 is an unknown value
R10=0x00000000033ab9bb is at entry_point+59 in (nmethod*)0x00000000033ab810
R11=0x00000000033ab998 is at entry_point+24 in (nmethod*)0x00000000033ab810
R12=0x0000000000000000 is an unknown value
R13=0x0000007fffffff00 is an unknown value
R14=0x0000000000000000 is an unknown value
R15=0x0000000002f8e000 is a thread


Stack: [0x0000000003070000,0x0000000003170000],  sp=0x000000000316d670,  free space=1013k
Native frames: (J=compiled Java code, j=interpreted, Vv=VM code, C=native code)
V  [jvm.dll+0x239e51]
V  [jvm.dll+0x23ae76]
V  [jvm.dll+0x17b36e]
C  0x00000000033aba31

Java frames: (J=compiled Java code, j=interpreted, Vv=VM code)
J 103  java.lang.Object.hashCode()I (0 bytes) @ 0x00000000033ab9bb [0x00000000033ab980+0x3b]
j  java.lang.Object.toString()Ljava/lang/String;+23
j  java.lang.String.valueOf(Ljava/lang/Object;)Ljava/lang/String;+10
j  java.io.PrintStream.println(Ljava/lang/Object;)V+1
j  com.ait.apex.MetaTest_2.testEncoder()V+105
v  ~StubRoutines::call_stub
j  sun.reflect.NativeMethodAccessorImpl.invoke0(Ljava/lang/reflect/Method;Ljava/lang/Object;[Ljava/lang/Object;)Ljava/lang/Object;+0
j  sun.reflect.NativeMethodAccessorImpl.invoke(Ljava/lang/Object;[Ljava/lang/Object;)Ljava/lang/Object;+100
j  sun.reflect.DelegatingMethodAccessorImpl.invoke(Ljava/lang/Object;[Ljava/lang/Object;)Ljava/lang/Object;+6
j  java.lang.reflect.Method.invoke(Ljava/lang/Object;[Ljava/lang/Object;)Ljava/lang/Object;+56
j  org.junit.runners.model.FrameworkMethod$1.runReflectiveCall()Ljava/lang/Object;+15
j  org.junit.internal.runners.model.ReflectiveCallable.run()Ljava/lang/Object;+1
j  org.junit.runners.model.FrameworkMethod.invokeExplosively(Ljava/lang/Object;[Ljava/lang/Object;)Ljava/lang/Object;+10
j  org.junit.internal.runners.statements.InvokeMethod.evaluate()V+12
j  org.junit.runners.ParentRunner.runLeaf(Lorg/junit/runners/model/Statement;Lorg/junit/runner/Description;Lorg/junit/runner/notification/RunNotifier;)V+17
j  org.junit.runners.BlockJUnit4ClassRunner.runChild(Lorg/junit/runners/model/FrameworkMethod;Lorg/junit/runner/notification/RunNotifier;)V+30
j  org.junit.runners.BlockJUnit4ClassRunner.runChild(Ljava/lang/Object;Lorg/junit/runner/notification/RunNotifier;)V+6
j  org.junit.runners.ParentRunner$3.run()V+12
j  org.junit.runners.ParentRunner$1.schedule(Ljava/lang/Runnable;)V+1
j  org.junit.runners.ParentRunner.runChildren(Lorg/junit/runner/notification/RunNotifier;)V+44
j  org.junit.runners.ParentRunner.access$000(Lorg/junit/runners/ParentRunner;Lorg/junit/runner/notification/RunNotifier;)V+2
j  org.junit.runners.ParentRunner$2.evaluate()V+8
j  org.junit.runners.ParentRunner.run(Lorg/junit/runner/notification/RunNotifier;)V+20
j  org.junit.runner.JUnitCore.run(Lorg/junit/runner/Runner;)Lorg/junit/runner/Result;+37
j  com.intellij.junit4.JUnit4IdeaTestRunner.startRunnerWithArgs([Ljava/lang/String;Ljava/lang/String;IZ)I+146
j  com.intellij.rt.execution.junit.IdeaTestRunner$Repeater.startRunnerWithArgs(Lcom/intellij/rt/execution/junit/IdeaTestRunner;[Ljava/lang/String;Ljava/util/ArrayList;Ljava/lang/String;IZ)I+20
j  com.intellij.rt.execution.junit.JUnitStarter.prepareStreamsAndStart([Ljava/lang/String;Ljava/lang/String;Ljava/util/ArrayList;Ljava/lang/String;)I+116
j  com.intellij.rt.execution.junit.JUnitStarter.main([Ljava/lang/String;)V+116
v  ~StubRoutines::call_stub
j  sun.reflect.NativeMethodAccessorImpl.invoke0(Ljava/lang/reflect/Method;Ljava/lang/Object;[Ljava/lang/Object;)Ljava/lang/Object;+0
j  sun.reflect.NativeMethodAccessorImpl.invoke(Ljava/lang/Object;[Ljava/lang/Object;)Ljava/lang/Object;+100
j  sun.reflect.DelegatingMethodAccessorImpl.invoke(Ljava/lang/Object;[Ljava/lang/Object;)Ljava/lang/Object;+6
j  java.lang.reflect.Method.invoke(Ljava/lang/Object;[Ljava/lang/Object;)Ljava/lang/Object;+56
j  com.intellij.rt.execution.application.AppMain.main([Ljava/lang/String;)V+170
v  ~StubRoutines::call_stub

---------------  P R O C E S S  ---------------

Java Threads: ( => current thread )
  0x000000001e07f800 JavaThread "Monitor Ctrl-Break" daemon [_thread_in_native, id=8580, stack(0x000000001e700000,0x000000001e800000)]
  0x000000001e023800 JavaThread "Service Thread" daemon [_thread_blocked, id=8668, stack(0x000000001e500000,0x000000001e600000)]
  0x000000001e008800 JavaThread "C1 CompilerThread2" daemon [_thread_blocked, id=2660, stack(0x000000001e400000,0x000000001e500000)]
  0x000000001c7ea800 JavaThread "C2 CompilerThread1" daemon [_thread_blocked, id=8128, stack(0x000000001df00000,0x000000001e000000)]
  0x000000001c7bc800 JavaThread "C2 CompilerThread0" daemon [_thread_blocked, id=7048, stack(0x000000001de00000,0x000000001df00000)]
  0x000000001c7ba800 JavaThread "Attach Listener" daemon [_thread_blocked, id=6372, stack(0x000000001dd00000,0x000000001de00000)]
  0x000000001c7b9800 JavaThread "Signal Dispatcher" daemon [_thread_blocked, id=1808, stack(0x000000001dc00000,0x000000001dd00000)]
  0x0000000003262000 JavaThread "Finalizer" daemon [_thread_blocked, id=2284, stack(0x000000001da10000,0x000000001db10000)]
  0x000000000325f000 JavaThread "Reference Handler" daemon [_thread_blocked, id=7420, stack(0x000000001d910000,0x000000001da10000)]
=>0x0000000002f8e000 JavaThread "main" [_thread_in_vm, id=6644, stack(0x0000000003070000,0x0000000003170000)]

Other Threads:
  0x000000001c787800 VMThread [stack: 0x000000001d810000,0x000000001d910000] [id=2380]
  0x000000001e026800 WatcherThread [stack: 0x000000001e600000,0x000000001e700000] [id=9268]

VM state:not at safepoint (normal execution)

VM Mutex/Monitor currently owned by a thread: None

Heap:
 PSYoungGen      total 75776K, used 9107K [0x000000076b800000, 0x0000000770c80000, 0x00000007c0000000)
  eden space 65024K, 14% used [0x000000076b800000,0x000000076c0e4fe0,0x000000076f780000)
  from space 10752K, 0% used [0x0000000770200000,0x0000000770200000,0x0000000770c80000)
  to   space 10752K, 0% used [0x000000076f780000,0x000000076f780000,0x0000000770200000)
 ParOldGen       total 173568K, used 0K [0x00000006c2800000, 0x00000006cd180000, 0x000000076b800000)
  object space 173568K, 0% used [0x00000006c2800000,0x00000006c2800000,0x00000006cd180000)
 Metaspace       used 4758K, capacity 5158K, committed 5248K, reserved 1056768K
  class space    used 560K, capacity 593K, committed 640K, reserved 1048576K

Card table byte_map: [0x0000000012630000,0x0000000012e20000] byte_map_base: 0x000000000f01c000

Marking Bits: (ParMarkBitMap*) 0x000000005441a5b0
 Begin Bits: [0x0000000013770000, 0x00000000176d0000)
 End Bits:   [0x00000000176d0000, 0x000000001b630000)

Polling page: 0x00000000011f0000

CodeCache: size=245760Kb used=1746Kb max_used=1756Kb free=244013Kb
 bounds [0x0000000003270000, 0x00000000034e0000, 0x0000000012270000]
 total_blobs=523 nmethods=250 adapters=186
 compilation: enabled

Compilation events (10 events):
Event: 0.446 Thread 0x000000001e008800  248       3       java.lang.String::lastIndexOf (151 bytes)
Event: 0.446 Thread 0x000000001e008800 nmethod 248 0x000000000341d110 code [0x000000000341d2c0, 0x000000000341d810]
Event: 0.464 Thread 0x000000001e008800  249   !   3       sun.misc.URLClassPath$FileLoader::getResource (164 bytes)
Event: 0.464 Thread 0x000000001c7bc800 nmethod 246 0x0000000003425250 code [0x0000000003425460, 0x00000000034262f0]
Event: 0.464 Thread 0x000000001c7bc800  247       4       sun.misc.MetaIndex::mayContain (51 bytes)
Event: 0.464 Thread 0x000000001c7ea800 nmethod 245 0x0000000003420f10 code [0x0000000003421120, 0x0000000003421ff0]
Event: 0.466 Thread 0x000000001e008800 nmethod 249 0x000000000341e490 code [0x000000000341e7c0, 0x0000000003420048]
Event: 0.466 Thread 0x000000001e008800  250       1       java.lang.System::getSecurityManager (4 bytes)
Event: 0.466 Thread 0x000000001e008800 nmethod 250 0x000000000341e210 code [0x000000000341e360, 0x000000000341e450]
Event: 0.471 Thread 0x000000001c7bc800 nmethod 247 0x0000000003423650 code [0x00000000034237a0, 0x0000000003423ab8]

GC Heap History (0 events):
No events

Deoptimization events (0 events):
No events

Internal exceptions (7 events):
Event: 0.185 Thread 0x0000000002f8e000 Exception <a 'java/lang/NoSuchMethodError': Method sun.misc.Unsafe.defineClass(Ljava/lang/String;[BII)Ljava/lang/Class; name or signature does not match> (0x000000076b80e610) thrown at [C:\workspace\8-2-build-windows-amd64-cygwin\jdk8u65\4987\hotspot\src\sÿŒ[z¼Ç?
Event: 0.185 Thread 0x0000000002f8e000 Exception <a 'java/lang/NoSuchMethodError': Method sun.misc.Unsafe.prefetchRead(Ljava/lang/Object;J)V name or signature does not match> (0x000000076b80e8f8) thrown at [C:\workspace\8-2-build-windows-amd64-cygwin\jdk8u65\4987\hotspot\src\share\vm\prims\jni.bpˆ*jÓ?
Event: 0.298 Thread 0x0000000002f8e000 Exception <a 'java/io/FileNotFoundException'> (0x000000076b919ff0) thrown at [C:\workspace\8-2-build-windows-amd64-cygwin\jdk8u65\4987\hotspot\src\share\vm\prims\jni.cpp, line 709]
Event: 0.318 Thread 0x0000000002f8e000 Exception <a 'java/security/PrivilegedActionException'> (0x000000076bd3fc18) thrown at [C:\workspace\8-2-build-windows-amd64-cygwin\jdk8u65\4987\hotspot\src\share\vm\prims\jvm.cpp, line 1386]
Event: 0.318 Thread 0x0000000002f8e000 Exception <a 'java/security/PrivilegedActionException'> (0x000000076bd3fe28) thrown at [C:\workspace\8-2-build-windows-amd64-cygwin\jdk8u65\4987\hotspot\src\share\vm\prims\jvm.cpp, line 1386]
Event: 0.319 Thread 0x0000000002f8e000 Exception <a 'java/security/PrivilegedActionException'> (0x000000076bd43f30) thrown at [C:\workspace\8-2-build-windows-amd64-cygwin\jdk8u65\4987\hotspot\src\share\vm\prims\jvm.cpp, line 1386]
Event: 0.319 Thread 0x0000000002f8e000 Exception <a 'java/security/PrivilegedActionException'> (0x000000076bd44140) thrown at [C:\workspace\8-2-build-windows-amd64-cygwin\jdk8u65\4987\hotspot\src\share\vm\prims\jvm.cpp, line 1386]

Events (10 events):
Event: 0.471 loading class com/ait/apex/row/PojoBasedCoder$1
Event: 0.471 loading class com/ait/apex/row/PojoBasedCoder$1 done
Event: 0.471 loading class sun/reflect/UnsafeLongFieldAccessorImpl
Event: 0.472 loading class sun/reflect/UnsafeLongFieldAccessorImpl done
Event: 0.472 loading class com/ait/apex/platform/Platform
Event: 0.472 loading class com/ait/apex/platform/Platform done
Event: 0.473 loading class java/lang/IllegalStateException
Event: 0.473 loading class java/lang/IllegalStateException done
Event: 0.473 loading class sun/reflect/UnsafeQualifiedStaticObjectFieldAccessorImpl
Event: 0.473 loading class sun/reflect/UnsafeQualifiedStaticObjectFieldAccessorImpl done


Dynamic libraries:
0x00007ff75fd90000 - 0x00007ff75fdc7000 	C:\Program Files\Java\jdk1.8.0_65\bin\java.exe
0x00007ff8de270000 - 0x00007ff8de441000 	C:\WINDOWS\SYSTEM32\ntdll.dll
0x00007ff8dd6c0000 - 0x00007ff8dd76b000 	C:\WINDOWS\System32\KERNEL32.DLL
0x00007ff8dad90000 - 0x00007ff8dafad000 	C:\WINDOWS\System32\KERNELBASE.dll
0x00007ff8dd4a0000 - 0x00007ff8dd542000 	C:\WINDOWS\System32\ADVAPI32.dll
0x00007ff8db800000 - 0x00007ff8db89e000 	C:\WINDOWS\System32\msvcrt.dll
0x00007ff8dd910000 - 0x00007ff8dd969000 	C:\WINDOWS\System32\sechost.dll
0x00007ff8dd770000 - 0x00007ff8dd891000 	C:\WINDOWS\System32\RPCRT4.dll
0x00007ff8ddb00000 - 0x00007ff8ddc65000 	C:\WINDOWS\System32\USER32.dll
0x00007ff8db7e0000 - 0x00007ff8db7fe000 	C:\WINDOWS\System32\win32u.dll
0x00007ff8dd9a0000 - 0x00007ff8dd9d4000 	C:\WINDOWS\System32\GDI32.dll
0x00007ff8daba0000 - 0x00007ff8dad22000 	C:\WINDOWS\System32\gdi32full.dll
0x00007ff8cb8a0000 - 0x00007ff8cbb19000 	C:\WINDOWS\WinSxS\amd64_microsoft.windows.common-controls_6595b64144ccf1df_6.0.14393.447_none_42191651c6827bb3\COMCTL32.dll
0x00007ff8dd1d0000 - 0x00007ff8dd498000 	C:\WINDOWS\System32\combase.dll
0x00007ff8daaa0000 - 0x00007ff8dab95000 	C:\WINDOWS\System32\ucrtbase.dll
0x00007ff8da7b0000 - 0x00007ff8da81a000 	C:\WINDOWS\System32\bcryptPrimitives.dll
0x00007ff8ddc70000 - 0x00007ff8ddc9e000 	C:\WINDOWS\System32\IMM32.DLL
0x00000000544a0000 - 0x0000000054572000 	C:\Program Files\Java\jdk1.8.0_65\jre\bin\msvcr100.dll
0x0000000053c10000 - 0x0000000054499000 	C:\Program Files\Java\jdk1.8.0_65\jre\bin\server\jvm.dll
0x00007ff8dd060000 - 0x00007ff8dd068000 	C:\WINDOWS\System32\PSAPI.DLL
0x00007ff8d7540000 - 0x00007ff8d7549000 	C:\WINDOWS\SYSTEM32\WSOCK32.dll
0x00007ff8dd8a0000 - 0x00007ff8dd90a000 	C:\WINDOWS\System32\WS2_32.dll
0x00007ff8d8680000 - 0x00007ff8d86a3000 	C:\WINDOWS\SYSTEM32\WINMM.dll
0x00007ff8cbfb0000 - 0x00007ff8cbfba000 	C:\WINDOWS\SYSTEM32\VERSION.dll
0x00007ff8d8620000 - 0x00007ff8d864b000 	C:\WINDOWS\SYSTEM32\WINMMBASE.dll
0x00007ff8da760000 - 0x00007ff8da7a2000 	C:\WINDOWS\System32\cfgmgr32.dll
0x0000000053c00000 - 0x0000000053c0f000 	C:\Program Files\Java\jdk1.8.0_65\jre\bin\verify.dll
0x0000000053bd0000 - 0x0000000053bf9000 	C:\Program Files\Java\jdk1.8.0_65\jre\bin\java.dll
0x0000000053bb0000 - 0x0000000053bc6000 	C:\Program Files\Java\jdk1.8.0_65\jre\bin\zip.dll
0x00007ff8dbb40000 - 0x00007ff8dd049000 	C:\WINDOWS\System32\SHELL32.dll
0x00007ff8dafb0000 - 0x00007ff8db68a000 	C:\WINDOWS\System32\windows.storage.dll
0x00007ff8da710000 - 0x00007ff8da75c000 	C:\WINDOWS\System32\powrprof.dll
0x00007ff8dbae0000 - 0x00007ff8dbb32000 	C:\WINDOWS\System32\shlwapi.dll
0x00007ff8da6f0000 - 0x00007ff8da6ff000 	C:\WINDOWS\System32\kernel.appcore.dll
0x00007ff8da9f0000 - 0x00007ff8daa99000 	C:\WINDOWS\System32\shcore.dll
0x00007ff8da6d0000 - 0x00007ff8da6e4000 	C:\WINDOWS\System32\profapi.dll
0x00007ff8d2b90000 - 0x00007ff8d2ba0000 	C:\Program Files (x86)\JetBrains\IntelliJ IDEA Community Edition 163.6512.17\bin\breakgen64.dll
0x0000000053b30000 - 0x0000000053b4a000 	C:\Program Files\Java\jdk1.8.0_65\jre\bin\net.dll
0x00007ff8da000000 - 0x00007ff8da05c000 	C:\WINDOWS\system32\mswsock.dll
0x00007ff8b2250000 - 0x00007ff8b23e2000 	C:\WINDOWS\SYSTEM32\dbghelp.dll

VM Arguments:
jvm_args: -ea -Didea.launcher.port=7532 -Didea.launcher.bin.path=C:\Program Files (x86)\JetBrains\IntelliJ IDEA Community Edition 163.6512.17\bin -Dfile.encoding=UTF-8 
java_command: com.intellij.rt.execution.application.AppMain com.intellij.rt.execution.junit.JUnitStarter -ideVersion5 com.ait.apex.MetaTest_2,testEncoder
java_class_path (initial): C:\Program Files (x86)\JetBrains\IntelliJ IDEA Community Edition 163.6512.17\lib\idea_rt.jar;C:\Program Files (x86)\JetBrains\IntelliJ IDEA Community Edition 163.6512.17\plugins\junit\lib\junit-rt.jar;C:\Program Files\Java\jdk1.8.0_65\jre\lib\charsets.jar;C:\Program Files\Java\jdk1.8.0_65\jre\lib\deploy.jar;C:\Program Files\Java\jdk1.8.0_65\jre\lib\ext\access-bridge-64.jar;C:\Program Files\Java\jdk1.8.0_65\jre\lib\ext\cldrdata.jar;C:\Program Files\Java\jdk1.8.0_65\jre\lib\ext\dnsns.jar;C:\Program Files\Java\jdk1.8.0_65\jre\lib\ext\jaccess.jar;C:\Program Files\Java\jdk1.8.0_65\jre\lib\ext\jfxrt.jar;C:\Program Files\Java\jdk1.8.0_65\jre\lib\ext\localedata.jar;C:\Program Files\Java\jdk1.8.0_65\jre\lib\ext\nashorn.jar;C:\Program Files\Java\jdk1.8.0_65\jre\lib\ext\sunec.jar;C:\Program Files\Java\jdk1.8.0_65\jre\lib\ext\sunjce_provider.jar;C:\Program Files\Java\jdk1.8.0_65\jre\lib\ext\sunmscapi.jar;C:\Program Files\Java\jdk1.8.0_65\jre\lib\ext\sunpkcs11.jar;C:\Program Files\Java\jdk1.8.0_65\jre\lib\ext\zipfs.jar;C:\Program Files\Java\jdk1.8.0_65\jre\lib\javaws.jar;C:\Program Files\Java\jdk1.8.0_65\jre\lib\jce.jar;C:\Program Files\Java\jdk1.8.0_65\jre\lib\jfr.jar;C:\Program Files\Java\jdk1.8.0_65\jre\lib\jfxswt.jar;C:\Program Files\Java\jdk1.8.0_65\jre\lib\jsse.jar;C:\Program Files\Java\jdk1.8.0_65\jre\lib\management-agent.jar;C:\Program Files\Java\jdk1.8.0_65\jre\lib\plugin.jar;C:\Program Files\Java\jdk1.8.0_65\jre\lib\resources.jar;C:\Program Files\Java\jdk1.8.0_65\jre\lib\rt.jar;C:\Users\Akshay\Documents\GitHub\aitproject\target\test-classes;C:\Users\Akshay\Documents\GitHub\aitproject\target\classes;C:\Users\Akshay\.m2\repository\junit\junit\4.12\junit-4.12.jar;C:\Users\Akshay\.m2\repository\org\hamcrest\hamcrest-core\1.3\hamcrest-core-1.3.jar
Launcher Type: SUN_STANDARD

Environment Variables:
JAVA_HOME=C:\Program Files\Java\jdk1.8.0_65
PATH=C:\Program Files\NVIDIA GPU Computing Toolkit\CUDA\v7.5\bin;C:\Program Files\NVIDIA GPU Computing Toolkit\CUDA\v7.5\libnvvp;C:\ProgramData\Oracle\Java\javapath;C:\Windows\system32;C:\Windows;C:\Windows\System32\Wbem;C:\Windows\System32\WindowsPowerShell\v1.0\;C:\Program Files (x86)\NVIDIA Corporation\PhysX\Common;C:\WINDOWS\system32;C:\WINDOWS;C:\WINDOWS\System32\Wbem;C:\WINDOWS\System32\WindowsPowerShell\v1.0\;C:\Program Files\OpenVPN\bin;C:\WINDOWS\system32\config\systemprofile\.dnx\bin;C:\Program Files\Microsoft DNX\Dnvm\;C:\Program Files\Microsoft SQL Server\130\Tools\Binn\;C:\Users\Akshay\Anaconda3;C:\Users\Akshay\Anaconda3\Scripts;C:\Users\Akshay\Anaconda3\Library\bin;C:\Users\Akshay\AppData\Local\Microsoft\WindowsApps;C:\apache-maven-3.3.9\bin;C:\Program Files\Java\jdk1.8.0_65\bin
USERNAME=Akshay
OS=Windows_NT
PROCESSOR_IDENTIFIER=Intel64 Family 6 Model 78 Stepping 3, GenuineIntel



---------------  S Y S T E M  ---------------

OS: Windows 10.0 , 64 bit Build 14393 (10.0.14393.0)

CPU:total 4 (2 cores per cpu, 2 threads per core) family 6 model 78 stepping 3, cmov, cx8, fxsr, mmx, sse, sse2, sse3, ssse3, sse4.1, sse4.2, popcnt, avx, avx2, aes, clmul, erms, 3dnowpref, lzcnt, ht, tsc, tscinvbit, bmi1, bmi2, adx

Memory: 4k page, physical 16607712k(11829448k free), swap 19098080k(11083044k free)

vm_info: Java HotSpot(TM) 64-Bit Server VM (25.65-b01) for windows-amd64 JRE (1.8.0_65-b17), built on Oct  6 2015 16:39:20 by "java_re" with MS VC++ 10.0 (VS2010)

time: Fri Feb 03 13:08:45 2017
elapsed time: 0 seconds (0d 0h 0m 0s)

