#
# A fatal error has been detected by the Java Runtime Environment:
#
#  Internal Error (synchronizer.cpp:1430), pid=2512, tid=3356
#  guarantee(mid->header()->is_neutral()) failed: invariant
#
# JRE version: Java(TM) SE Runtime Environment (8.0_65-b17) (build 1.8.0_65-b17)
# Java VM: Java HotSpot(TM) 64-Bit Server VM (25.65-b01 mixed mode windows-amd64 compressed oops)
# Failed to write core dump. Minidumps are not enabled by default on client versions of Windows
#
# If you would like to submit a bug report, please visit:
#   http://bugreport.java.com/bugreport/crash.jsp
#

---------------  T H R E A D  ---------------

Current thread (0x000000001c077800):  VMThread [stack: 0x000000001d120000,0x000000001d220000] [id=3356]

Stack: [0x000000001d120000,0x000000001d220000]
[error occurred during error reporting (printing stack bounds), id 0xc0000005]

Native frames: (J=compiled Java code, j=interpreted, Vv=VM code, C=native code)

VM_Operation (0x0000000002a5e6d0): Exit, mode: safepoint, requested by thread 0x000000000119e000


---------------  P R O C E S S  ---------------

Java Threads: ( => current thread )
  0x000000001d890800 JavaThread "Monitor Ctrl-Break" daemon [_thread_in_native, id=9100, stack(0x000000001e010000,0x000000001e110000)]
  0x000000001d818800 JavaThread "Service Thread" daemon [_thread_blocked, id=3444, stack(0x000000001de10000,0x000000001df10000)]
  0x000000001c10d800 JavaThread "C1 CompilerThread2" daemon [_thread_blocked, id=2796, stack(0x000000001dd10000,0x000000001de10000)]
  0x000000001c10c800 JavaThread "C2 CompilerThread1" daemon [_thread_in_native, id=10128, stack(0x000000001dc10000,0x000000001dd10000)]
  0x000000001c0ac800 JavaThread "C2 CompilerThread0" daemon [_thread_blocked, id=8832, stack(0x000000001d710000,0x000000001d810000)]
  0x000000001c0aa800 JavaThread "Attach Listener" daemon [_thread_blocked, id=4580, stack(0x000000001d610000,0x000000001d710000)]
  0x0000000002b52000 JavaThread "Finalizer" daemon [_thread_blocked, id=4832, stack(0x000000001d320000,0x000000001d420000)]
  0x0000000002b4f000 JavaThread "Reference Handler" daemon [_thread_blocked, id=9344, stack(0x000000001d220000,0x000000001d320000)]
  0x000000000119e000 JavaThread "main" [_thread_blocked, id=8184, stack(0x0000000002960000,0x0000000002a60000)]

Other Threads:
=>0x000000001c077800 VMThread [stack: 0x000000001d120000,0x000000001d220000] [id=3356]

VM state:at safepoint (normal execution)

VM Mutex/Monitor currently owned by a thread:  ([mutex/lock_event])
[0x000000000119d960] Safepoint_lock - owner thread: 0x000000001c077800
[0x000000000119d360] Threads_lock - owner thread: 0x000000001c077800

Heap:
 PSYoungGen      total 75776K, used 9103K [0x000000076b800000, 0x0000000770c80000, 0x00000007c0000000)
  eden space 65024K, 14% used [0x000000076b800000,0x000000076c0e3e48,0x000000076f780000)
  from space 10752K, 0% used [0x0000000770200000,0x0000000770200000,0x0000000770c80000)
  to   space 10752K, 0% used [0x000000076f780000,0x000000076f780000,0x0000000770200000)
 ParOldGen       total 173568K, used 0K [0x00000006c2800000, 0x00000006cd180000, 0x000000076b800000)
  object space 173568K, 0% used [0x00000006c2800000,0x00000006c2800000,0x00000006cd180000)
 Metaspace       used 4777K, capacity 5158K, committed 5248K, reserved 1056768K
  class space    used 562K, capacity 593K, committed 640K, reserved 1048576K

Card table byte_map: [0x0000000011f20000,0x0000000012710000] byte_map_base: 0x000000000e90c000

Marking Bits: (ParMarkBitMap*) 0x000000005441a5b0
 Begin Bits: [0x0000000013060000, 0x0000000016fc0000)
 End Bits:   [0x0000000016fc0000, 0x000000001af20000)

Polling page: 0x0000000000e30000

CodeCache: size=245760Kb used=1762Kb max_used=1762Kb free=243998Kb
 bounds [0x0000000002b60000, 0x0000000002dd0000, 0x0000000011b60000]
 total_blobs=530 nmethods=257 adapters=186
 compilation: enabled

Compilation events (10 events):
Event: 0.558 Thread 0x000000001c10d800 nmethod 254 0x0000000002d14290 code [0x0000000002d145c0, 0x0000000002d15e48]
Event: 0.558 Thread 0x000000001c10d800  255       1       java.lang.System::getSecurityManager (4 bytes)
Event: 0.558 Thread 0x000000001c0ac800  256   !   4       sun.misc.URLClassPath$JarLoader::getResource (85 bytes)
Event: 0.558 Thread 0x000000001c10d800 nmethod 255 0x0000000002d14010 code [0x0000000002d14160, 0x0000000002d14250]
Event: 0.562 Thread 0x000000001c10d800  257       3       java.nio.Buffer::clear (20 bytes)
Event: 0.562 Thread 0x000000001c10d800 nmethod 257 0x0000000002d17810 code [0x0000000002d17960, 0x0000000002d17ad0]
Event: 0.562 Thread 0x000000001c10d800  258       3       java.lang.ClassLoader::loadClass (7 bytes)
Event: 0.562 Thread 0x000000001c10d800 nmethod 258 0x0000000002d17b50 code [0x0000000002d17cc0, 0x0000000002d17ee8]
Event: 0.562 Thread 0x000000001c10d800  259       3       sun.misc.Launcher$AppClassLoader::loadClass (85 bytes)
Event: 0.563 Thread 0x000000001c10d800 nmethod 259 0x0000000002d17f90 code [0x0000000002d181c0, 0x0000000002d18ee8]

GC Heap History (0 events):
No events

Deoptimization events (0 events):
No events

Internal exceptions (7 events):
Event: 0.119 Thread 0x000000000119e000 Exception <a 'java/lang/NoSuchMethodError': Method sun.misc.Unsafe.defineClass(Ljava/lang/String;[BII)Ljava/lang/Class; name or signature does not match> (0x000000076b80e610) thrown at [C:\workspace\8-2-build-windows-amd64-cygwin\jdk8u65\4987\hotspot\src\s)LnÅæ?
Event: 0.119 Thread 0x000000000119e000 Exception <a 'java/lang/NoSuchMethodError': Method sun.misc.Unsafe.prefetchRead(Ljava/lang/Object;J)V name or signature does not match> (0x000000076b80e8f8) thrown at [C:\workspace\8-2-build-windows-amd64-cygwin\jdk8u65\4987\hotspot\src\share\vm\prims\jni.?õµÌ”?
Event: 0.311 Thread 0x000000000119e000 Exception <a 'java/io/FileNotFoundException'> (0x000000076b91a030) thrown at [C:\workspace\8-2-build-windows-amd64-cygwin\jdk8u65\4987\hotspot\src\share\vm\prims\jni.cpp, line 709]
Event: 0.350 Thread 0x000000000119e000 Exception <a 'java/security/PrivilegedActionException'> (0x000000076bd3f550) thrown at [C:\workspace\8-2-build-windows-amd64-cygwin\jdk8u65\4987\hotspot\src\share\vm\prims\jvm.cpp, line 1386]
Event: 0.350 Thread 0x000000000119e000 Exception <a 'java/security/PrivilegedActionException'> (0x000000076bd3f760) thrown at [C:\workspace\8-2-build-windows-amd64-cygwin\jdk8u65\4987\hotspot\src\share\vm\prims\jvm.cpp, line 1386]
Event: 0.352 Thread 0x000000000119e000 Exception <a 'java/security/PrivilegedActionException'> (0x000000076bd43868) thrown at [C:\workspace\8-2-build-windows-amd64-cygwin\jdk8u65\4987\hotspot\src\share\vm\prims\jvm.cpp, line 1386]
Event: 0.352 Thread 0x000000000119e000 Exception <a 'java/security/PrivilegedActionException'> (0x000000076bd43a78) thrown at [C:\workspace\8-2-build-windows-amd64-cygwin\jdk8u65\4987\hotspot\src\share\vm\prims\jvm.cpp, line 1386]

Events (10 events):
Event: 0.562 loading class org/junit/runner/notification/RunNotifier$7
Event: 0.562 loading class org/junit/runner/notification/RunNotifier$7 done
Event: 0.563 loading class org/junit/runner/notification/RunNotifier$2
Event: 0.563 loading class org/junit/runner/notification/RunNotifier$2 done
Event: 0.564 loading class java/lang/Shutdown
Event: 0.564 loading class java/lang/Shutdown done
Event: 0.564 loading class java/lang/Shutdown$Lock
Event: 0.564 loading class java/lang/Shutdown$Lock done
Event: 0.564 Thread 0x000000001c0a9800 Thread exited: 0x000000001c0a9800
Event: 0.564 Executing VM operation: Exit


Dynamic libraries:
0x00007ff75fd90000 - 0x00007ff75fdc7000 	C:\Program Files\Java\jdk1.8.0_65\bin\java.exe
0x00007ff8de270000 - 0x00007ff8de441000 	C:\WINDOWS\SYSTEM32\ntdll.dll
0x00007ff8dd6c0000 - 0x00007ff8dd76b000 	C:\WINDOWS\System32\KERNEL32.DLL
0x00007ff8dad90000 - 0x00007ff8dafad000 	C:\WINDOWS\System32\KERNELBASE.dll
0x00007ff8dd4a0000 - 0x00007ff8dd542000 	C:\WINDOWS\System32\ADVAPI32.dll
0x00007ff8db800000 - 0x00007ff8db89e000 	C:\WINDOWS\System32\msvcrt.dll
0x00007ff8dd910000 - 0x00007ff8dd969000 	C:\WINDOWS\System32\sechost.dll
0x00007ff8dd770000 - 0x00007ff8dd891000 	C:\WINDOWS\System32\RPCRT4.dll
0x00007ff8ddb00000 - 0x00007ff8ddc65000 	C:\WINDOWS\System32\USER32.dll
0x00007ff8db7e0000 - 0x00007ff8db7fe000 	C:\WINDOWS\System32\win32u.dll
0x00007ff8dd9a0000 - 0x00007ff8dd9d4000 	C:\WINDOWS\System32\GDI32.dll
0x00007ff8daba0000 - 0x00007ff8dad22000 	C:\WINDOWS\System32\gdi32full.dll
0x00007ff8cb8a0000 - 0x00007ff8cbb19000 	C:\WINDOWS\WinSxS\amd64_microsoft.windows.common-controls_6595b64144ccf1df_6.0.14393.447_none_42191651c6827bb3\COMCTL32.dll
0x00007ff8dd1d0000 - 0x00007ff8dd498000 	C:\WINDOWS\System32\combase.dll
0x00007ff8daaa0000 - 0x00007ff8dab95000 	C:\WINDOWS\System32\ucrtbase.dll
0x00007ff8da7b0000 - 0x00007ff8da81a000 	C:\WINDOWS\System32\bcryptPrimitives.dll
0x00007ff8ddc70000 - 0x00007ff8ddc9e000 	C:\WINDOWS\System32\IMM32.DLL
0x00000000544a0000 - 0x0000000054572000 	C:\Program Files\Java\jdk1.8.0_65\jre\bin\msvcr100.dll
0x0000000053c10000 - 0x0000000054499000 	C:\Program Files\Java\jdk1.8.0_65\jre\bin\server\jvm.dll
0x00007ff8dd060000 - 0x00007ff8dd068000 	C:\WINDOWS\System32\PSAPI.DLL
0x00007ff8d7540000 - 0x00007ff8d7549000 	C:\WINDOWS\SYSTEM32\WSOCK32.dll
0x00007ff8dd8a0000 - 0x00007ff8dd90a000 	C:\WINDOWS\System32\WS2_32.dll
0x00007ff8d8680000 - 0x00007ff8d86a3000 	C:\WINDOWS\SYSTEM32\WINMM.dll
0x00007ff8cbfb0000 - 0x00007ff8cbfba000 	C:\WINDOWS\SYSTEM32\VERSION.dll
0x00007ff8d8620000 - 0x00007ff8d864b000 	C:\WINDOWS\SYSTEM32\WINMMBASE.dll
0x00007ff8da760000 - 0x00007ff8da7a2000 	C:\WINDOWS\System32\cfgmgr32.dll
0x0000000053c00000 - 0x0000000053c0f000 	C:\Program Files\Java\jdk1.8.0_65\jre\bin\verify.dll
0x0000000053bd0000 - 0x0000000053bf9000 	C:\Program Files\Java\jdk1.8.0_65\jre\bin\java.dll
0x0000000053bb0000 - 0x0000000053bc6000 	C:\Program Files\Java\jdk1.8.0_65\jre\bin\zip.dll
0x00007ff8dbb40000 - 0x00007ff8dd049000 	C:\WINDOWS\System32\SHELL32.dll
0x00007ff8dafb0000 - 0x00007ff8db68a000 	C:\WINDOWS\System32\windows.storage.dll
0x00007ff8da710000 - 0x00007ff8da75c000 	C:\WINDOWS\System32\powrprof.dll
0x00007ff8dbae0000 - 0x00007ff8dbb32000 	C:\WINDOWS\System32\shlwapi.dll
0x00007ff8da6f0000 - 0x00007ff8da6ff000 	C:\WINDOWS\System32\kernel.appcore.dll
0x00007ff8da9f0000 - 0x00007ff8daa99000 	C:\WINDOWS\System32\shcore.dll
0x00007ff8da6d0000 - 0x00007ff8da6e4000 	C:\WINDOWS\System32\profapi.dll
0x00007ff8d2b90000 - 0x00007ff8d2ba0000 	C:\Program Files (x86)\JetBrains\IntelliJ IDEA Community Edition 163.6512.17\bin\breakgen64.dll
0x0000000053b30000 - 0x0000000053b4a000 	C:\Program Files\Java\jdk1.8.0_65\jre\bin\net.dll
0x00007ff8da000000 - 0x00007ff8da05c000 	C:\WINDOWS\system32\mswsock.dll

VM Arguments:
jvm_args: -ea -Didea.launcher.port=7533 -Didea.launcher.bin.path=C:\Program Files (x86)\JetBrains\IntelliJ IDEA Community Edition 163.6512.17\bin -Dfile.encoding=UTF-8 
java_command: com.intellij.rt.execution.application.AppMain com.intellij.rt.execution.junit.JUnitStarter -ideVersion5 com.ait.apex.MetaTest_2,testEncoder
java_class_path (initial): C:\Program Files (x86)\JetBrains\IntelliJ IDEA Community Edition 163.6512.17\lib\idea_rt.jar;C:\Program Files (x86)\JetBrains\IntelliJ IDEA Community Edition 163.6512.17\plugins\junit\lib\junit-rt.jar;C:\Program Files\Java\jdk1.8.0_65\jre\lib\charsets.jar;C:\Program Files\Java\jdk1.8.0_65\jre\lib\deploy.jar;C:\Program Files\Java\jdk1.8.0_65\jre\lib\ext\access-bridge-64.jar;C:\Program Files\Java\jdk1.8.0_65\jre\lib\ext\cldrdata.jar;C:\Program Files\Java\jdk1.8.0_65\jre\lib\ext\dnsns.jar;C:\Program Files\Java\jdk1.8.0_65\jre\lib\ext\jaccess.jar;C:\Program Files\Java\jdk1.8.0_65\jre\lib\ext\jfxrt.jar;C:\Program Files\Java\jdk1.8.0_65\jre\lib\ext\localedata.jar;C:\Program Files\Java\jdk1.8.0_65\jre\lib\ext\nashorn.jar;C:\Program Files\Java\jdk1.8.0_65\jre\lib\ext\sunec.jar;C:\Program Files\Java\jdk1.8.0_65\jre\lib\ext\sunjce_provider.jar;C:\Program Files\Java\jdk1.8.0_65\jre\lib\ext\sunmscapi.jar;C:\Program Files\Java\jdk1.8.0_65\jre\lib\ext\sunpkcs11.jar;C:\Program Files\Java\jdk1.8.0_65\jre\lib\ext\zipfs.jar;C:\Program Files\Java\jdk1.8.0_65\jre\lib\javaws.jar;C:\Program Files\Java\jdk1.8.0_65\jre\lib\jce.jar;C:\Program Files\Java\jdk1.8.0_65\jre\lib\jfr.jar;C:\Program Files\Java\jdk1.8.0_65\jre\lib\jfxswt.jar;C:\Program Files\Java\jdk1.8.0_65\jre\lib\jsse.jar;C:\Program Files\Java\jdk1.8.0_65\jre\lib\management-agent.jar;C:\Program Files\Java\jdk1.8.0_65\jre\lib\plugin.jar;C:\Program Files\Java\jdk1.8.0_65\jre\lib\resources.jar;C:\Program Files\Java\jdk1.8.0_65\jre\lib\rt.jar;C:\Users\Akshay\Documents\GitHub\aitproject\target\test-classes;C:\Users\Akshay\Documents\GitHub\aitproject\target\classes;C:\Users\Akshay\.m2\repository\junit\junit\4.12\junit-4.12.jar;C:\Users\Akshay\.m2\repository\org\hamcrest\hamcrest-core\1.3\hamcrest-core-1.3.jar
Launcher Type: SUN_STANDARD

Environment Variables:
JAVA_HOME=C:\Program Files\Java\jdk1.8.0_65
PATH=C:\Program Files\NVIDIA GPU Computing Toolkit\CUDA\v7.5\bin;C:\Program Files\NVIDIA GPU Computing Toolkit\CUDA\v7.5\libnvvp;C:\ProgramData\Oracle\Java\javapath;C:\Windows\system32;C:\Windows;C:\Windows\System32\Wbem;C:\Windows\System32\WindowsPowerShell\v1.0\;C:\Program Files (x86)\NVIDIA Corporation\PhysX\Common;C:\WINDOWS\system32;C:\WINDOWS;C:\WINDOWS\System32\Wbem;C:\WINDOWS\System32\WindowsPowerShell\v1.0\;C:\Program Files\OpenVPN\bin;C:\WINDOWS\system32\config\systemprofile\.dnx\bin;C:\Program Files\Microsoft DNX\Dnvm\;C:\Program Files\Microsoft SQL Server\130\Tools\Binn\;C:\Users\Akshay\Anaconda3;C:\Users\Akshay\Anaconda3\Scripts;C:\Users\Akshay\Anaconda3\Library\bin;C:\Users\Akshay\AppData\Local\Microsoft\WindowsApps;C:\apache-maven-3.3.9\bin;C:\Program Files\Java\jdk1.8.0_65\bin
USERNAME=Akshay
OS=Windows_NT
PROCESSOR_IDENTIFIER=Intel64 Family 6 Model 78 Stepping 3, GenuineIntel



---------------  S Y S T E M  ---------------

OS: Windows 10.0 , 64 bit Build 14393 (10.0.14393.0)

CPU:total 4 (2 cores per cpu, 2 threads per core) family 6 model 78 stepping 3, cmov, cx8, fxsr, mmx, sse, sse2, sse3, ssse3, sse4.1, sse4.2, popcnt, avx, avx2, aes, clmul, erms, 3dnowpref, lzcnt, ht, tsc, tscinvbit, bmi1, bmi2, adx

Memory: 4k page, physical 16607712k(11827288k free), swap 19098080k(11077808k free)

vm_info: Java HotSpot(TM) 64-Bit Server VM (25.65-b01) for windows-amd64 JRE (1.8.0_65-b17), built on Oct  6 2015 16:39:20 by "java_re" with MS VC++ 10.0 (VS2010)

time: Fri Feb 03 13:09:30 2017
elapsed time: 0 seconds (0d 0h 0m 0s)

